Application/build/outputs/logs/manifest-merger-debug-report.txt
-- Merging decision tree log ---
manifest
ADDED from src/main/AndroidManifest.xml:16:1-59:12
	package
		ADDED from src/main/AndroidManifest.xml:17:5-53
	android:versionName
		ADDED from src/main/AndroidManifest.xml:19:5-30
		INJECTED from src/main/AndroidManifest.xml
		INJECTED from src/main/AndroidManifest.xml
	android:versionCode
		ADDED from src/main/AndroidManifest.xml:18:5-28
		INJECTED from src/main/AndroidManifest.xml
		INJECTED from src/main/AndroidManifest.xml
	xmlns:android
		ADDED from src/main/AndroidManifest.xml:16:11-69
application
ADDED from src/main/AndroidManifest.xml:22:5-57:19
MERGED from [com.android.support:support-v4:23.1.0] AndroidManifest.xml:22:5-20
MERGED from [com.android.support:gridlayout-v7:23.1.0] AndroidManifest.xml:22:5-20
MERGED from [com.android.support:support-v4:23.1.0] AndroidManifest.xml:22:5-20
MERGED from [com.android.support:cardview-v7:23.1.0] AndroidManifest.xml:22:5-20
	android:label
		ADDED from src/main/AndroidManifest.xml:25:9-41
	android:allowBackup
		ADDED from src/main/AndroidManifest.xml:23:9-35
	android:icon
		ADDED from src/main/AndroidManifest.xml:24:9-45
	android:theme
		ADDED from src/main/AndroidManifest.xml:26:9-40
meta-data#car.google.android.gms.car.application
ADDED from src/main/AndroidManifest.xml:27:9-29:59
	android:resource
		ADDED from src/main/AndroidManifest.xml:29:13-56
	android:name
		ADDED from src/main/AndroidManifest.xml:28:13-66
activity#com.example.android.basicnotifications.MainActivity
ADDED from src/main/AndroidManifest.xml:31:9-39:20
	android:label
		ADDED from src/main/AndroidManifest.xml:33:13-45
	android:name
		ADDED from src/main/AndroidManifest.xml:32:13-41
intent-filter#android.intent.action.MAIN+android.intent.category.LAUNCHER
ADDED from src/main/AndroidManifest.xml:34:13-38:29
action#android.intent.action.MAIN
ADDED from src/main/AndroidManifest.xml:35:17-69
	android:name
		ADDED from src/main/AndroidManifest.xml:35:25-66
category#android.intent.category.LAUNCHER
ADDED from src/main/AndroidManifest.xml:37:17-77
	android:name
		ADDED from src/main/AndroidManifest.xml:37:27-74
receiver#com.example.android.basicnotifications.MyMessageHeardReceiver
ADDED from src/main/AndroidManifest.xml:41:9-48:20
	android:enabled
		ADDED from src/main/AndroidManifest.xml:43:13-35
	android:exported
		ADDED from src/main/AndroidManifest.xml:44:13-36
	android:name
		ADDED from src/main/AndroidManifest.xml:42:13-51
intent-filter#com.example.android.basicnotifications.MY_ACTION_MESSAGE_HEARD
ADDED from src/main/AndroidManifest.xml:45:13-47:29
action#com.example.android.basicnotifications.MY_ACTION_MESSAGE_HEARD
ADDED from src/main/AndroidManifest.xml:46:17-105
	android:name
		ADDED from src/main/AndroidManifest.xml:46:25-102
receiver#com.example.android.basicnotifications.MyMessageReplyReceiver
ADDED from src/main/AndroidManifest.xml:49:9-56:20
	android:enabled
		ADDED from src/main/AndroidManifest.xml:51:13-35
	android:exported
		ADDED from src/main/AndroidManifest.xml:52:13-36
	android:name
		ADDED from src/main/AndroidManifest.xml:50:13-89
intent-filter#com.example.android.basicnotifications.MY_ACTION_MESSAGE_REPLY
ADDED from src/main/AndroidManifest.xml:53:13-55:29
action#com.example.android.basicnotifications.MY_ACTION_MESSAGE_REPLY
ADDED from src/main/AndroidManifest.xml:54:17-105
	android:name
		ADDED from src/main/AndroidManifest.xml:54:25-102
uses-sdk
INJECTED from src/main/AndroidManifest.xml reason: use-sdk injection requested
MERGED from [com.android.support:support-v4:23.1.0] AndroidManifest.xml:20:5-43
MERGED from [com.android.support:gridlayout-v7:23.1.0] AndroidManifest.xml:20:5-43
MERGED from [com.android.support:support-v4:23.1.0] AndroidManifest.xml:20:5-43
MERGED from [com.android.support:cardview-v7:23.1.0] AndroidManifest.xml:20:5-43
	android:targetSdkVersion
		INJECTED from src/main/AndroidManifest.xml
		INJECTED from src/main/AndroidManifest.xml
	android:minSdkVersion
		INJECTED from src/main/AndroidManifest.xml
		INJECTED from src/main/AndroidManifest.xml